<?xml version="1.0" encoding="UTF-8"?>
<!-- Generated by org.testng.reporters.JUnitReportReporter -->
<testsuite hostname="LAPTOP-3A5060MG" failures="0" tests="1" name="mavenpkg.Mavenclass1" time="4.886" errors="0" timestamp="2024-12-14T12:04:01 IST" skipped="0">
  <testcase classname="mavenpkg.Mavenclass1" name="run" time="4.886"/>
</testsuite> <!-- mavenpkg.Mavenclass1 -->
