<?xml version="1.0" encoding="UTF-8"?>
<!-- Generated by org.testng.reporters.JUnitReportReporter -->
<testsuite hostname="LAPTOP-3A5060MG" failures="0" tests="1" name="mavenpkg.JDBC" time="0.147" errors="0" timestamp="2024-12-19T09:57:33 IST" skipped="0">
  <testcase classname="mavenpkg.JDBC" name="ru" time="0.147"/>
</testsuite> <!-- mavenpkg.JDBC -->
